Using pre-set license

 COMMAND LINE ARGUMENTS:
/Applications/Unity/Hub/Editor/2020.3.0f1/Unity.app/Contents/MacOS/Unity
-adb2
-batchMode
-noUpm
-name
AssetImportWorker0
-projectPath
/Users/arianawaltonlambrecht/Projects/3D-Beginner/3D-Beginnner/3D-Beginner
-logFile
Logs/AssetImportWorker0.log
-srvPort
57527
Successfully changed project path to: /Users/arianawaltonlambrecht/Projects/3D-Beginner/3D-Beginnner/3D-Beginner
/Users/arianawaltonlambrecht/Projects/3D-Beginner/3D-Beginnner/3D-Beginner
Using Asset Import Pipeline V2.
Refreshing native plugins compatible for Editor in 55.25 ms, found 1 plugins.
Preloading 0 native plugins for Editor in 0.00 ms.
Initialize engine version: 2020.3.0f1 (c7b5465681fb)
[Subsystems] Discovering subsystems at path /Applications/Unity/Hub/Editor/2020.3.0f1/Unity.app/Contents/Resources/UnitySubsystems
[Subsystems] Discovering subsystems at path /Users/arianawaltonlambrecht/Projects/3D-Beginner/3D-Beginnner/3D-Beginner/Assets
GfxDevice: creating device client; threaded=0
2021-12-11 01:04:26.111 Unity[19641:1442048] Color LCD preferred device: Intel(R) UHD Graphics 630 (low power)
2021-12-11 01:04:26.111 Unity[19641:1442048] Metal devices available: 2
2021-12-11 01:04:26.111 Unity[19641:1442048] 0: AMD Radeon Pro 5300M (high power)
2021-12-11 01:04:26.111 Unity[19641:1442048] 1: Intel(R) UHD Graphics 630 (low power)
2021-12-11 01:04:26.111 Unity[19641:1442048] Using device AMD Radeon Pro 5300M (high power)
Initializing Metal device caps: AMD Radeon Pro 5300M
Initialize mono
Mono path[0] = '/Applications/Unity/Hub/Editor/2020.3.0f1/Unity.app/Contents/Managed'
Mono path[1] = '/Applications/Unity/Hub/Editor/2020.3.0f1/Unity.app/Contents/MonoBleedingEdge/lib/mono/unityjit'
Mono config path = '/Applications/Unity/Hub/Editor/2020.3.0f1/Unity.app/Contents/MonoBleedingEdge/etc'
Using monoOptions --debugger-agent=transport=dt_socket,embedding=1,server=y,suspend=n,address=127.0.0.1:56641
Begin MonoManager ReloadAssembly
Error scanning for extension ivy.xml files: System.UnauthorizedAccessException: Access to the path '/Applications/Unity/Hub/Editor/2020.3.0f1/PlaybackEngines/WebGLSupport/BuildTools/Emscripten_Mac/node' is denied.
  at System.IO.__Error.WinIOError (System.Int32 errorCode, System.String maybeFullPath) [0x00129] in <eae584ce26bc40229c1b1aa476bfa589>:0 
  at System.IO.FileSystemEnumerableIterator`1[TSource].HandleError (System.Int32 hr, System.String path) [0x00006] in <eae584ce26bc40229c1b1aa476bfa589>:0 
  at System.IO.FileSystemEnumerableIterator`1[TSource].AddSearchableDirsToStack (System.IO.Directory+SearchData localSearchData) [0x00053] in <eae584ce26bc40229c1b1aa476bfa589>:0 
  at System.IO.FileSystemEnumerableIterator`1[TSource].MoveNext () [0x0008e] in <eae584ce26bc40229c1b1aa476bfa589>:0 
  at System.Collections.Generic.List`1[T]..ctor (System.Collections.Generic.IEnumerable`1[T] collection) [0x00077] in <eae584ce26bc40229c1b1aa476bfa589>:0 
  at System.IO.Directory.InternalGetFileDirectoryNames (System.String path, System.String userPathOriginal, System.String searchPattern, System.Boolean includeFiles, System.Boolean includeDirs, System.IO.SearchOption searchOption, System.Boolean checkHost) [0x0000f] in <eae584ce26bc40229c1b1aa476bfa589>:0 
  at System.IO.Directory.InternalGetFiles (System.String path, System.String searchPattern, System.IO.SearchOption searchOption) [0x00000] in <eae584ce26bc40229c1b1aa476bfa589>:0 
  at System.IO.Directory.GetFiles (System.String path, System.String searchPattern, System.IO.SearchOption searchOption) [0x00038] in <eae584ce26bc40229c1b1aa476bfa589>:0 
  at UnityEditor.Modules.ModuleManager.LoadLegacyExtensionsFromIvyFiles () [0x000a5] in /Users/bokken/buildslave/unity/build/Editor/Mono/Modules/ModuleManager.cs:253 
Registering precompiled unity dll's ...
Register platform support module: /Applications/Unity/Hub/Editor/2020.3.0f1/PlaybackEngines/WebGLSupport/UnityEditor.WebGL.Extensions.dll
Register platform support module: /Applications/Unity/Hub/Editor/2020.3.0f1/Unity.app/Contents/PlaybackEngines/MacStandaloneSupport/UnityEditor.OSXStandalone.Extensions.dll
Registered in 0.004289 seconds.
Native extension for OSXStandalone target not found
Native extension for WebGL target not found
Refreshing native plugins compatible for Editor in 32.76 ms, found 1 plugins.
Preloading 0 native plugins for Editor in 0.00 ms.
Invoked RoslynAnalysisRunner static constructor.
RoslynAnalysisRunner will not be running.
RoslynAnalysisRunner has terminated.
Mono: successfully reloaded assembly
- Completed reload, in  4.019 seconds
Platform modules already initialized, skipping
Registering precompiled user dll's ...
Registered in 0.004291 seconds.
Begin MonoManager ReloadAssembly
Native extension for OSXStandalone target not found
Native extension for WebGL target not found
Refreshing native plugins compatible for Editor in 0.41 ms, found 1 plugins.
Preloading 0 native plugins for Editor in 0.00 ms.
Refreshing native plugins compatible for Editor in 0.42 ms, found 1 plugins.
Invoked RoslynAnalysisRunner static constructor.
RoslynAnalysisRunner will not be running.
RoslynAnalysisRunner has terminated.
Mono: successfully reloaded assembly
- Completed reload, in  0.888 seconds
Platform modules already initialized, skipping
========================================================================
Worker process is ready to serve import requests
Launching external process: /Applications/Unity/Hub/Editor/2020.3.0f1/Unity.app/Contents/Tools/UnityShaderCompiler
Launched and connected shader compiler UnityShaderCompiler after 0.01 seconds
Refreshing native plugins compatible for Editor in 0.40 ms, found 1 plugins.
Preloading 0 native plugins for Editor in 0.00 ms.
Unloading 1627 Unused Serialized files (Serialized files now loaded: 0)
System memory in use before: 243.5 MB.
System memory in use after: 243.6 MB.

Unloading 36 unused Assets to reduce memory usage. Loaded Objects now: 2061.
Total: 1.990629 ms (FindLiveObjects: 0.205530 ms CreateObjectMapping: 0.053850 ms MarkObjects: 1.645337 ms  DeleteObjects: 0.085119 ms)

========================================================================
Received Import Request.
  path: Assets/Audio/SFXHouseAmbience.wav
  artifactKey: Guid(205287722f2b6b64583b86d65fdeeb11) Importer(815301076,1909f56bfc062723c751e8b465ee728b)
Start importing Assets/Audio/SFXHouseAmbience.wav using Guid(205287722f2b6b64583b86d65fdeeb11) Importer(815301076,1909f56bfc062723c751e8b465ee728b)  -> (artifact id: 'fe272f3c83f94d031f1fa43e152dfbed') in 1.668389 seconds
  Import took 1.673561 seconds .

========================================================================
Received Import Request.
  Time since last request: 0.000278 seconds.
  path: Assets/Audio/SFXWin.wav
  artifactKey: Guid(c0f716a9e9ac00c438b95158ba195a58) Importer(815301076,1909f56bfc062723c751e8b465ee728b)
Start importing Assets/Audio/SFXWin.wav using Guid(c0f716a9e9ac00c438b95158ba195a58) Importer(815301076,1909f56bfc062723c751e8b465ee728b)  -> (artifact id: '19f4cefaa4f33a33894d8b8e573bbabc') in 0.012184 seconds
  Import took 0.015523 seconds .

========================================================================
Received Import Request.
  Time since last request: 0.000201 seconds.
  path: Assets/Audio/SFXFootstepsLooping.wav
  artifactKey: Guid(07e520bb410492d47bf739846d70f2a3) Importer(815301076,1909f56bfc062723c751e8b465ee728b)
Start importing Assets/Audio/SFXFootstepsLooping.wav using Guid(07e520bb410492d47bf739846d70f2a3) Importer(815301076,1909f56bfc062723c751e8b465ee728b)  -> (artifact id: '49f4a32440f8f0c4fdda621bd44fee62') in 0.009945 seconds
  Import took 0.013119 seconds .

========================================================================
Received Import Request.
  Time since last request: 0.000180 seconds.
  path: Assets/Audio/SFXGhostMove.wav
  artifactKey: Guid(98ea14dfdb9dce74a976520f134fd1a2) Importer(815301076,1909f56bfc062723c751e8b465ee728b)
Start importing Assets/Audio/SFXGhostMove.wav using Guid(98ea14dfdb9dce74a976520f134fd1a2) Importer(815301076,1909f56bfc062723c751e8b465ee728b)  -> (artifact id: '70a9f13a1dd1d796570f0a0ecf1008c2') in 0.008667 seconds
  Import took 0.011647 seconds .

========================================================================
Received Import Request.
  Time since last request: 0.000171 seconds.
  path: Assets/Audio/SFXGameOver.wav
  artifactKey: Guid(2789d5ce62baaba4ab1ee8bb172304a6) Importer(815301076,1909f56bfc062723c751e8b465ee728b)
Start importing Assets/Audio/SFXGameOver.wav using Guid(2789d5ce62baaba4ab1ee8bb172304a6) Importer(815301076,1909f56bfc062723c751e8b465ee728b)  -> (artifact id: '0aa22271ed77889a3603c67d73b20ef9') in 0.008104 seconds
  Import took 0.011163 seconds .

========================================================================
Received Import Request.
  Time since last request: 0.000223 seconds.
  path: Assets/Audio/SFXBuzzingLight.wav
  artifactKey: Guid(86e0f005f0b8e084698c2cf61bb6c2b6) Importer(815301076,1909f56bfc062723c751e8b465ee728b)
Start importing Assets/Audio/SFXBuzzingLight.wav using Guid(86e0f005f0b8e084698c2cf61bb6c2b6) Importer(815301076,1909f56bfc062723c751e8b465ee728b)  -> (artifact id: '2c94298539bbd285420a71d3a5aae2ad') in 0.007400 seconds
  Import took 0.010597 seconds .

========================================================================
Received Import Request.
  Time since last request: 0.000219 seconds.
  path: Assets/Audio/SFXCandle.wav
  artifactKey: Guid(dd7f55e125ee8f947b2f399e20aeec8c) Importer(815301076,1909f56bfc062723c751e8b465ee728b)
Start importing Assets/Audio/SFXCandle.wav using Guid(dd7f55e125ee8f947b2f399e20aeec8c) Importer(815301076,1909f56bfc062723c751e8b465ee728b)  -> (artifact id: '70aa190e6438f6c481ed4d3421cd946b') in 0.007283 seconds
  Import took 0.009834 seconds .

========================================================================
Received Prepare
Registering precompiled user dll's ...
Registered in 0.005347 seconds.
Begin MonoManager ReloadAssembly
Native extension for OSXStandalone target not found
Native extension for WebGL target not found
Refreshing native plugins compatible for Editor in 0.40 ms, found 1 plugins.
Preloading 0 native plugins for Editor in 0.00 ms.
Refreshing native plugins compatible for Editor in 0.43 ms, found 1 plugins.
Invoked RoslynAnalysisRunner static constructor.
RoslynAnalysisRunner will not be running.
RoslynAnalysisRunner has terminated.
Mono: successfully reloaded assembly
- Completed reload, in  0.796 seconds
Platform modules already initialized, skipping
Refreshing native plugins compatible for Editor in 0.42 ms, found 1 plugins.
Preloading 0 native plugins for Editor in 0.00 ms.
Unloading 1589 Unused Serialized files (Serialized files now loaded: 0)
System memory in use before: 248.9 MB.
System memory in use after: 249.0 MB.

Unloading 27 unused Assets to reduce memory usage. Loaded Objects now: 2073.
Total: 2.246071 ms (FindLiveObjects: 0.243978 ms CreateObjectMapping: 0.067118 ms MarkObjects: 1.869095 ms  DeleteObjects: 0.064295 ms)

========================================================================
Received Import Request.
  Time since last request: 272.689953 seconds.
  path: Assets/Scripts/GameEnding.cs
  artifactKey: Guid(5fcb54e10b4ac40c9a471a107b9ae436) Importer(815301076,1909f56bfc062723c751e8b465ee728b)
Start importing Assets/Scripts/GameEnding.cs using Guid(5fcb54e10b4ac40c9a471a107b9ae436) Importer(815301076,1909f56bfc062723c751e8b465ee728b)  -> (artifact id: '8c060c50a6b6a0cbd85f9e33c4269708') in 0.305027 seconds
  Import took 0.308409 seconds .

========================================================================
Received Import Request.
  Time since last request: 41.024117 seconds.
  path: Assets/Scripts/GameEnding.cs
  artifactKey: Guid(5fcb54e10b4ac40c9a471a107b9ae436) Importer(815301076,1909f56bfc062723c751e8b465ee728b)
Start importing Assets/Scripts/GameEnding.cs using Guid(5fcb54e10b4ac40c9a471a107b9ae436) Importer(815301076,1909f56bfc062723c751e8b465ee728b)  -> (artifact id: '128cdc0b0fecf74a2f8be2d6b99bc78b') in 0.008898 seconds
  Import took 0.016154 seconds .

========================================================================
Received Prepare
Registering precompiled user dll's ...
Registered in 0.001344 seconds.
Begin MonoManager ReloadAssembly
Native extension for OSXStandalone target not found
Native extension for WebGL target not found
Refreshing native plugins compatible for Editor in 0.41 ms, found 1 plugins.
Preloading 0 native plugins for Editor in 0.00 ms.
Refreshing native plugins compatible for Editor in 0.38 ms, found 1 plugins.
Invoked RoslynAnalysisRunner static constructor.
RoslynAnalysisRunner will not be running.
RoslynAnalysisRunner has terminated.
Mono: successfully reloaded assembly
- Completed reload, in  0.741 seconds
Platform modules already initialized, skipping
Refreshing native plugins compatible for Editor in 0.49 ms, found 1 plugins.
Preloading 0 native plugins for Editor in 0.00 ms.
Unloading 1589 Unused Serialized files (Serialized files now loaded: 0)
System memory in use before: 253.4 MB.
System memory in use after: 253.5 MB.

Unloading 27 unused Assets to reduce memory usage. Loaded Objects now: 2076.
Total: 1.819504 ms (FindLiveObjects: 0.198130 ms CreateObjectMapping: 0.052831 ms MarkObjects: 1.516441 ms  DeleteObjects: 0.051101 ms)

========================================================================
Received Import Request.
  Time since last request: 156.796430 seconds.
  path: Assets/Scripts/PlayerMovement.cs
  artifactKey: Guid(3bc8c5432986248968ac5f714edfc67f) Importer(815301076,1909f56bfc062723c751e8b465ee728b)
Start importing Assets/Scripts/PlayerMovement.cs using Guid(3bc8c5432986248968ac5f714edfc67f) Importer(815301076,1909f56bfc062723c751e8b465ee728b)  -> (artifact id: 'c64f3ed668f0cd9efbd6cddd110578a5') in 0.008544 seconds
  Import took 0.012357 seconds .

========================================================================
Received Import Request.
  Time since last request: 15.242735 seconds.
  path: Assets/Scripts/PlayerMovement.cs
  artifactKey: Guid(3bc8c5432986248968ac5f714edfc67f) Importer(815301076,1909f56bfc062723c751e8b465ee728b)
Start importing Assets/Scripts/PlayerMovement.cs using Guid(3bc8c5432986248968ac5f714edfc67f) Importer(815301076,1909f56bfc062723c751e8b465ee728b)  -> (artifact id: 'e1baaa9ec746ca147ea978a274d55484') in 0.006353 seconds
  Import took 0.020747 seconds .

========================================================================
Received Prepare
Registering precompiled user dll's ...
Registered in 0.002345 seconds.
Begin MonoManager ReloadAssembly
Native extension for OSXStandalone target not found
Native extension for WebGL target not found
Refreshing native plugins compatible for Editor in 0.41 ms, found 1 plugins.
Preloading 0 native plugins for Editor in 0.00 ms.
Refreshing native plugins compatible for Editor in 0.40 ms, found 1 plugins.
Invoked RoslynAnalysisRunner static constructor.
RoslynAnalysisRunner will not be running.
RoslynAnalysisRunner has terminated.
Mono: successfully reloaded assembly
- Completed reload, in  0.834 seconds
Platform modules already initialized, skipping
Refreshing native plugins compatible for Editor in 0.41 ms, found 1 plugins.
Preloading 0 native plugins for Editor in 0.00 ms.
Unloading 1589 Unused Serialized files (Serialized files now loaded: 0)
System memory in use before: 253.7 MB.
System memory in use after: 253.8 MB.

Unloading 27 unused Assets to reduce memory usage. Loaded Objects now: 2079.
Total: 1.902002 ms (FindLiveObjects: 0.267013 ms CreateObjectMapping: 0.049613 ms MarkObjects: 1.505622 ms  DeleteObjects: 0.078750 ms)

========================================================================
Received Prepare
Registering precompiled user dll's ...
Registered in 0.002259 seconds.
Begin MonoManager ReloadAssembly
Native extension for OSXStandalone target not found
Native extension for WebGL target not found
Refreshing native plugins compatible for Editor in 0.41 ms, found 1 plugins.
Preloading 0 native plugins for Editor in 0.00 ms.
Refreshing native plugins compatible for Editor in 0.48 ms, found 1 plugins.
Invoked RoslynAnalysisRunner static constructor.
RoslynAnalysisRunner will not be running.
RoslynAnalysisRunner has terminated.
Mono: successfully reloaded assembly
- Completed reload, in  1.040 seconds
Platform modules already initialized, skipping
Refreshing native plugins compatible for Editor in 0.41 ms, found 1 plugins.
Preloading 0 native plugins for Editor in 0.00 ms.
Unloading 1589 Unused Serialized files (Serialized files now loaded: 0)
System memory in use before: 254.0 MB.
System memory in use after: 254.1 MB.

Unloading 27 unused Assets to reduce memory usage. Loaded Objects now: 2082.
Total: 2.350952 ms (FindLiveObjects: 0.320952 ms CreateObjectMapping: 0.085490 ms MarkObjects: 1.880579 ms  DeleteObjects: 0.061995 ms)

========================================================================
Received Prepare
Registering precompiled user dll's ...
Registered in 0.002096 seconds.
Begin MonoManager ReloadAssembly
Native extension for OSXStandalone target not found
Native extension for WebGL target not found
Refreshing native plugins compatible for Editor in 0.40 ms, found 1 plugins.
Preloading 0 native plugins for Editor in 0.00 ms.
Refreshing native plugins compatible for Editor in 0.40 ms, found 1 plugins.
Invoked RoslynAnalysisRunner static constructor.
RoslynAnalysisRunner will not be running.
RoslynAnalysisRunner has terminated.
Mono: successfully reloaded assembly
- Completed reload, in  0.741 seconds
Platform modules already initialized, skipping
Refreshing native plugins compatible for Editor in 0.49 ms, found 1 plugins.
Preloading 0 native plugins for Editor in 0.00 ms.
Unloading 1589 Unused Serialized files (Serialized files now loaded: 0)
System memory in use before: 254.3 MB.
System memory in use after: 254.4 MB.

Unloading 27 unused Assets to reduce memory usage. Loaded Objects now: 2085.
Total: 2.473075 ms (FindLiveObjects: 0.235651 ms CreateObjectMapping: 0.071029 ms MarkObjects: 2.100786 ms  DeleteObjects: 0.064385 ms)

