Using pre-set license

 COMMAND LINE ARGUMENTS:
/Applications/Unity/Hub/Editor/2020.3.0f1/Unity.app/Contents/MacOS/Unity
-adb2
-batchMode
-noUpm
-name
AssetImportWorker0
-projectPath
/Users/arianawaltonlambrecht/Projects/3D-Beginner/3D-Beginnner/3D-Beginner
-logFile
Logs/AssetImportWorker0.log
-srvPort
56252
Successfully changed project path to: /Users/arianawaltonlambrecht/Projects/3D-Beginner/3D-Beginnner/3D-Beginner
/Users/arianawaltonlambrecht/Projects/3D-Beginner/3D-Beginnner/3D-Beginner
Using Asset Import Pipeline V2.
Refreshing native plugins compatible for Editor in 66.61 ms, found 1 plugins.
Preloading 0 native plugins for Editor in 0.00 ms.
Initialize engine version: 2020.3.0f1 (c7b5465681fb)
[Subsystems] Discovering subsystems at path /Applications/Unity/Hub/Editor/2020.3.0f1/Unity.app/Contents/Resources/UnitySubsystems
[Subsystems] Discovering subsystems at path /Users/arianawaltonlambrecht/Projects/3D-Beginner/3D-Beginnner/3D-Beginner/Assets
GfxDevice: creating device client; threaded=0
2021-11-22 02:26:20.531 Unity[30957:3191285] Color LCD preferred device: AMD Radeon Pro 5300M (high power)
2021-11-22 02:26:20.531 Unity[30957:3191285] Metal devices available: 2
2021-11-22 02:26:20.531 Unity[30957:3191285] 0: AMD Radeon Pro 5300M (high power)
2021-11-22 02:26:20.531 Unity[30957:3191285] 1: Intel(R) UHD Graphics 630 (low power)
2021-11-22 02:26:20.532 Unity[30957:3191285] Using device AMD Radeon Pro 5300M (high power)
Initializing Metal device caps: AMD Radeon Pro 5300M
Initialize mono
Mono path[0] = '/Applications/Unity/Hub/Editor/2020.3.0f1/Unity.app/Contents/Managed'
Mono path[1] = '/Applications/Unity/Hub/Editor/2020.3.0f1/Unity.app/Contents/MonoBleedingEdge/lib/mono/unityjit'
Mono config path = '/Applications/Unity/Hub/Editor/2020.3.0f1/Unity.app/Contents/MonoBleedingEdge/etc'
Using monoOptions --debugger-agent=transport=dt_socket,embedding=1,server=y,suspend=n,address=127.0.0.1:56957
Begin MonoManager ReloadAssembly
Error scanning for extension ivy.xml files: System.UnauthorizedAccessException: Access to the path '/Applications/Unity/Hub/Editor/2020.3.0f1/PlaybackEngines/WebGLSupport/BuildTools/Emscripten_Mac/node' is denied.
  at System.IO.__Error.WinIOError (System.Int32 errorCode, System.String maybeFullPath) [0x00129] in <eae584ce26bc40229c1b1aa476bfa589>:0 
  at System.IO.FileSystemEnumerableIterator`1[TSource].HandleError (System.Int32 hr, System.String path) [0x00006] in <eae584ce26bc40229c1b1aa476bfa589>:0 
  at System.IO.FileSystemEnumerableIterator`1[TSource].AddSearchableDirsToStack (System.IO.Directory+SearchData localSearchData) [0x00053] in <eae584ce26bc40229c1b1aa476bfa589>:0 
  at System.IO.FileSystemEnumerableIterator`1[TSource].MoveNext () [0x0008e] in <eae584ce26bc40229c1b1aa476bfa589>:0 
  at System.Collections.Generic.List`1[T]..ctor (System.Collections.Generic.IEnumerable`1[T] collection) [0x00077] in <eae584ce26bc40229c1b1aa476bfa589>:0 
  at System.IO.Directory.InternalGetFileDirectoryNames (System.String path, System.String userPathOriginal, System.String searchPattern, System.Boolean includeFiles, System.Boolean includeDirs, System.IO.SearchOption searchOption, System.Boolean checkHost) [0x0000f] in <eae584ce26bc40229c1b1aa476bfa589>:0 
  at System.IO.Directory.InternalGetFiles (System.String path, System.String searchPattern, System.IO.SearchOption searchOption) [0x00000] in <eae584ce26bc40229c1b1aa476bfa589>:0 
  at System.IO.Directory.GetFiles (System.String path, System.String searchPattern, System.IO.SearchOption searchOption) [0x00038] in <eae584ce26bc40229c1b1aa476bfa589>:0 
  at UnityEditor.Modules.ModuleManager.LoadLegacyExtensionsFromIvyFiles () [0x000a5] in /Users/bokken/buildslave/unity/build/Editor/Mono/Modules/ModuleManager.cs:253 
Registering precompiled unity dll's ...
Register platform support module: /Applications/Unity/Hub/Editor/2020.3.0f1/PlaybackEngines/WebGLSupport/UnityEditor.WebGL.Extensions.dll
Register platform support module: /Applications/Unity/Hub/Editor/2020.3.0f1/Unity.app/Contents/PlaybackEngines/MacStandaloneSupport/UnityEditor.OSXStandalone.Extensions.dll
Registered in 0.002899 seconds.
Native extension for OSXStandalone target not found
Native extension for WebGL target not found
Refreshing native plugins compatible for Editor in 39.36 ms, found 1 plugins.
Preloading 0 native plugins for Editor in 0.00 ms.
Invoked RoslynAnalysisRunner static constructor.
RoslynAnalysisRunner will not be running.
RoslynAnalysisRunner has terminated.
Mono: successfully reloaded assembly
- Completed reload, in  5.180 seconds
Platform modules already initialized, skipping
Registering precompiled user dll's ...
Registered in 0.003796 seconds.
Begin MonoManager ReloadAssembly
Native extension for OSXStandalone target not found
Native extension for WebGL target not found
Refreshing native plugins compatible for Editor in 0.41 ms, found 1 plugins.
Preloading 0 native plugins for Editor in 0.00 ms.
Refreshing native plugins compatible for Editor in 0.41 ms, found 1 plugins.
Invoked RoslynAnalysisRunner static constructor.
RoslynAnalysisRunner will not be running.
RoslynAnalysisRunner has terminated.
Mono: successfully reloaded assembly
- Completed reload, in  1.027 seconds
Platform modules already initialized, skipping
========================================================================
Worker process is ready to serve import requests
Launching external process: /Applications/Unity/Hub/Editor/2020.3.0f1/Unity.app/Contents/Tools/UnityShaderCompiler
Launched and connected shader compiler UnityShaderCompiler after 0.01 seconds
Refreshing native plugins compatible for Editor in 0.45 ms, found 1 plugins.
Preloading 0 native plugins for Editor in 0.00 ms.
Unloading 1623 Unused Serialized files (Serialized files now loaded: 0)
System memory in use before: 168.5 MB.
System memory in use after: 168.6 MB.

Unloading 36 unused Assets to reduce memory usage. Loaded Objects now: 2052.
Total: 2.315616 ms (FindLiveObjects: 0.287242 ms CreateObjectMapping: 0.065985 ms MarkObjects: 1.878222 ms  DeleteObjects: 0.083210 ms)

========================================================================
Received Import Request.
  path: Assets/Readme.asset
  artifactKey: Guid(5aa8565dc31eb3f4a97f05eb11fe8445) Importer(815301076,1909f56bfc062723c751e8b465ee728b)
Start importing Assets/Readme.asset using Guid(5aa8565dc31eb3f4a97f05eb11fe8445) Importer(815301076,1909f56bfc062723c751e8b465ee728b)  -> (artifact id: '0ac67d6df81b5359620b1591cf5ea0c9') in 0.125974 seconds
  Import took 0.128561 seconds .

========================================================================
Received Import Request.
  Time since last request: 3870.820723 seconds.
  path: Assets/Models
  artifactKey: Guid(5c22133398df5aa4eba6d956857390aa) Importer(815301076,1909f56bfc062723c751e8b465ee728b)
Start importing Assets/Models using Guid(5c22133398df5aa4eba6d956857390aa) Importer(815301076,1909f56bfc062723c751e8b465ee728b)  -> (artifact id: '5f60f67a841ea6a5efb149466c5e39f3') in 0.001922 seconds
  Import took 0.005012 seconds .

========================================================================
Received Import Request.
  Time since last request: 0.013942 seconds.
  path: Assets/Models
  artifactKey: Guid(5c22133398df5aa4eba6d956857390aa) Importer(815301076,1909f56bfc062723c751e8b465ee728b)
Start importing Assets/Models using Guid(5c22133398df5aa4eba6d956857390aa) Importer(815301076,1909f56bfc062723c751e8b465ee728b)  -> (artifact id: '5f60f67a841ea6a5efb149466c5e39f3') in 0.001064 seconds
  Import took 0.004221 seconds .

========================================================================
Received Import Request.
  Time since last request: 3.388001 seconds.
  path: Assets/Models/Characters
  artifactKey: Guid(0a4baff46de2c5f42a4a87eb698b18ed) Importer(815301076,1909f56bfc062723c751e8b465ee728b)
Start importing Assets/Models/Characters using Guid(0a4baff46de2c5f42a4a87eb698b18ed) Importer(815301076,1909f56bfc062723c751e8b465ee728b)  -> (artifact id: 'ae2e4a77c21c5c2b154f20c3ac80a235') in 0.002004 seconds
  Import took 0.005040 seconds .

========================================================================
Received Import Request.
  Time since last request: 0.191691 seconds.
  path: Assets/Models/Characters/Gargoyle.fbx
  artifactKey: Guid(d3312d02a690eda48bd6807bf5c78084) Importer(815301076,1909f56bfc062723c751e8b465ee728b)
Start importing Assets/Models/Characters/Gargoyle.fbx using Guid(d3312d02a690eda48bd6807bf5c78084) Importer(815301076,1909f56bfc062723c751e8b465ee728b)  -> (artifact id: '290ab305dd6283b96fe692bd775697be') in 1.819183 seconds
  Import took 1.822704 seconds .

========================================================================
Received Import Request.
  Time since last request: 0.000241 seconds.
  path: Assets/Models/Characters/Ghost.fbx
  artifactKey: Guid(563ac48ff656d49478fd93213f4c0eb8) Importer(815301076,1909f56bfc062723c751e8b465ee728b)
Start importing Assets/Models/Characters/Ghost.fbx using Guid(563ac48ff656d49478fd93213f4c0eb8) Importer(815301076,1909f56bfc062723c751e8b465ee728b)  -> (artifact id: 'becc23a2f8ae536b53cf97b27f70adcd') in 0.741959 seconds
  Import took 0.745114 seconds .

========================================================================
Received Import Request.
  Time since last request: 0.000216 seconds.
  path: Assets/Models/Characters/JohnLemon.fbx
  artifactKey: Guid(b44f3940c4940544a8c2c6aee5fa086f) Importer(815301076,1909f56bfc062723c751e8b465ee728b)
Start importing Assets/Models/Characters/JohnLemon.fbx using Guid(b44f3940c4940544a8c2c6aee5fa086f) Importer(815301076,1909f56bfc062723c751e8b465ee728b)  -> (artifact id: 'b662c035d7b69b222fb5a5d4d18647bc') in 0.826616 seconds
  Import took 0.829478 seconds .

========================================================================
Received Import Request.
  Time since last request: 0.000203 seconds.
  path: Assets/Models/Characters/Ghost.fbx
  artifactKey: Guid(563ac48ff656d49478fd93213f4c0eb8) Importer(815301076,1909f56bfc062723c751e8b465ee728b)
Start importing Assets/Models/Characters/Ghost.fbx using Guid(563ac48ff656d49478fd93213f4c0eb8) Importer(815301076,1909f56bfc062723c751e8b465ee728b)  -> (artifact id: 'becc23a2f8ae536b53cf97b27f70adcd') in 0.030134 seconds
  Import took 0.032811 seconds .

========================================================================
Received Import Request.
  Time since last request: 176.312029 seconds.
  path: Assets/Prefabs/JohnLemon.prefab
  artifactKey: Guid(af494132ef4af4277b1bd23e9debf481) Importer(815301076,1909f56bfc062723c751e8b465ee728b)
Start importing Assets/Prefabs/JohnLemon.prefab using Guid(af494132ef4af4277b1bd23e9debf481) Importer(815301076,1909f56bfc062723c751e8b465ee728b)  -> (artifact id: 'c6a0f8e316f769feb6ec3cfe71a10305') in 0.126937 seconds
  Import took 0.130285 seconds .

========================================================================
Received Import Request.
  Time since last request: 0.264272 seconds.
  path: Assets/Prefabs/JohnLemon.prefab
  artifactKey: Guid(af494132ef4af4277b1bd23e9debf481) Importer(815301076,1909f56bfc062723c751e8b465ee728b)
Start importing Assets/Prefabs/JohnLemon.prefab using Guid(af494132ef4af4277b1bd23e9debf481) Importer(815301076,1909f56bfc062723c751e8b465ee728b)  -> (artifact id: 'c6a0f8e316f769feb6ec3cfe71a10305') in 0.022647 seconds
  Import took 0.025986 seconds .

========================================================================
Received Import Request.
  Time since last request: 0.000203 seconds.
  path: Assets/Prefabs/Level.prefab
  artifactKey: Guid(549c69af39b84624b8a053537c407def) Importer(815301076,1909f56bfc062723c751e8b465ee728b)
Start importing Assets/Prefabs/Level.prefab using Guid(549c69af39b84624b8a053537c407def) Importer(815301076,1909f56bfc062723c751e8b465ee728b)  -> (artifact id: 'eaa02b4259637e7a19b2aa116b7aa49c') in 5.690159 seconds
  Import took 5.709191 seconds .

========================================================================
Received Import Request.
  Time since last request: 127.766898 seconds.
  path: Assets/Animation/Animators
  artifactKey: Guid(3e1ff1aa196645e4a912d1c3bb76a860) Importer(815301076,1909f56bfc062723c751e8b465ee728b)
Start importing Assets/Animation/Animators using Guid(3e1ff1aa196645e4a912d1c3bb76a860) Importer(815301076,1909f56bfc062723c751e8b465ee728b)  -> (artifact id: '8470dde40a9c4d073f8f50c5f78d3283') in 0.001973 seconds
  Import took 0.005535 seconds .

========================================================================
Received Import Request.
  Time since last request: 19.851497 seconds.
  path: Assets/Animation/Animators/New Folder
  artifactKey: Guid(25d16f63617ea4017b2defb9d411bf62) Importer(815301076,1909f56bfc062723c751e8b465ee728b)
Start importing Assets/Animation/Animators/New Folder using Guid(25d16f63617ea4017b2defb9d411bf62) Importer(815301076,1909f56bfc062723c751e8b465ee728b)  -> (artifact id: 'a0f6c7c915a5ce3ba5a4b246e90e1b3c') in 0.001681 seconds
  Import took 0.005038 seconds .

========================================================================
Received Import Request.
  Time since last request: 5.831437 seconds.
  path: Assets/Animation/Animators/k
  artifactKey: Guid(25d16f63617ea4017b2defb9d411bf62) Importer(815301076,1909f56bfc062723c751e8b465ee728b)
Start importing Assets/Animation/Animators/k using Guid(25d16f63617ea4017b2defb9d411bf62) Importer(815301076,1909f56bfc062723c751e8b465ee728b)  -> (artifact id: '810033d6135c4f9ff46dd431806d001f') in 0.001963 seconds
  Import took 0.005580 seconds .

========================================================================
Received Import Request.
  Time since last request: 18.050926 seconds.
  path: Assets/Animation/Animators/New Animator Controller.controller
  artifactKey: Guid(4fa2bf414f32f46e786f9dec9f34b0be) Importer(815301076,1909f56bfc062723c751e8b465ee728b)
Start importing Assets/Animation/Animators/New Animator Controller.controller using Guid(4fa2bf414f32f46e786f9dec9f34b0be) Importer(815301076,1909f56bfc062723c751e8b465ee728b)  -> (artifact id: 'f3767478c79de1c25333b7b6884ba12d') in 0.115821 seconds
  Import took 0.118776 seconds .

========================================================================
Received Import Request.
  Time since last request: 10.879759 seconds.
  path: Assets/Animation/Animators/JohnLemon.controller
  artifactKey: Guid(4fa2bf414f32f46e786f9dec9f34b0be) Importer(815301076,1909f56bfc062723c751e8b465ee728b)
Start importing Assets/Animation/Animators/JohnLemon.controller using Guid(4fa2bf414f32f46e786f9dec9f34b0be) Importer(815301076,1909f56bfc062723c751e8b465ee728b)  -> (artifact id: 'ee04fa59acad1fa13960cbafdae74ac9') in 0.004490 seconds
  Import took 0.007949 seconds .

========================================================================
Received Import Request.
  Time since last request: 78.134278 seconds.
  path: Assets/Animation/Animation/Gargoyle@Idle.fbx
  artifactKey: Guid(475d389e70692ca4abb09caca1aef9ae) Importer(815301076,1909f56bfc062723c751e8b465ee728b)
Start importing Assets/Animation/Animation/Gargoyle@Idle.fbx using Guid(475d389e70692ca4abb09caca1aef9ae) Importer(815301076,1909f56bfc062723c751e8b465ee728b)  -> (artifact id: '535f8bc6f0e9885d8d6dc3749a130f06') in 0.037047 seconds
  Import took 0.040535 seconds .

========================================================================
Received Import Request.
  Time since last request: 0.000255 seconds.
  path: Assets/Animation/Animation/John@Idle.fbx
  artifactKey: Guid(873202b19b03a8a4e976f0b15d21cd24) Importer(815301076,1909f56bfc062723c751e8b465ee728b)
Start importing Assets/Animation/Animation/John@Idle.fbx using Guid(873202b19b03a8a4e976f0b15d21cd24) Importer(815301076,1909f56bfc062723c751e8b465ee728b)  -> (artifact id: '6a8190abfb3ea61b3ea33ac1836ca6b4') in 0.042345 seconds
  Import took 0.045139 seconds .

========================================================================
Received Import Request.
  Time since last request: 0.000225 seconds.
  path: Assets/Animation/Animation/Ghost@Walk.fbx
  artifactKey: Guid(2017cad317b564c409a9e5bd02341461) Importer(815301076,1909f56bfc062723c751e8b465ee728b)
Start importing Assets/Animation/Animation/Ghost@Walk.fbx using Guid(2017cad317b564c409a9e5bd02341461) Importer(815301076,1909f56bfc062723c751e8b465ee728b)  -> (artifact id: '4ca6dae19352bc1d6de731cb302ae7a7') in 0.026097 seconds
  Import took 0.028803 seconds .

========================================================================
Received Import Request.
  Time since last request: 0.000189 seconds.
  path: Assets/Animation/Animation/John@Walk.fbx
  artifactKey: Guid(da1625e6a723d1745a6ba7f6565a130f) Importer(815301076,1909f56bfc062723c751e8b465ee728b)
Start importing Assets/Animation/Animation/John@Walk.fbx using Guid(da1625e6a723d1745a6ba7f6565a130f) Importer(815301076,1909f56bfc062723c751e8b465ee728b)  -> (artifact id: 'dc34f909736a724aa5a2f020c834dadc') in 0.026391 seconds
  Import took 0.029445 seconds .

========================================================================
Received Import Request.
  Time since last request: 0.000195 seconds.
  path: Assets/Animation/Animation/Ghost@Shower.fbx
  artifactKey: Guid(4c7b6999390a2c24498d13e4084b200f) Importer(815301076,1909f56bfc062723c751e8b465ee728b)
Start importing Assets/Animation/Animation/Ghost@Shower.fbx using Guid(4c7b6999390a2c24498d13e4084b200f) Importer(815301076,1909f56bfc062723c751e8b465ee728b)  -> (artifact id: 'b9e81ca2250f659d555f94f20d1d97d7') in 0.023271 seconds
  Import took 0.026209 seconds .

========================================================================
Received Import Request.
  Time since last request: 346.849660 seconds.
  path: Assets/Prefabs/JohnLemon.prefab
  artifactKey: Guid(af494132ef4af4277b1bd23e9debf481) Importer(815301076,1909f56bfc062723c751e8b465ee728b)
Start importing Assets/Prefabs/JohnLemon.prefab using Guid(af494132ef4af4277b1bd23e9debf481) Importer(815301076,1909f56bfc062723c751e8b465ee728b)  -> (artifact id: 'b2b319ebe1cb297e1abdbf32ebd503b5') in 0.028656 seconds
  Import took 0.031941 seconds .

========================================================================
Received Import Request.
  Time since last request: 121.982103 seconds.
  path: Assets/Prefabs/JohnLemon.prefab
  artifactKey: Guid(af494132ef4af4277b1bd23e9debf481) Importer(815301076,1909f56bfc062723c751e8b465ee728b)
Start importing Assets/Prefabs/JohnLemon.prefab using Guid(af494132ef4af4277b1bd23e9debf481) Importer(815301076,1909f56bfc062723c751e8b465ee728b)  -> (artifact id: '2be75e80449ca8e6c19db218dc8c8033') in 0.024061 seconds
  Import took 0.028078 seconds .

========================================================================
Received Import Request.
  Time since last request: 65.344725 seconds.
  path: Assets/Prefabs/JohnLemon.prefab
  artifactKey: Guid(af494132ef4af4277b1bd23e9debf481) Importer(815301076,1909f56bfc062723c751e8b465ee728b)
Start importing Assets/Prefabs/JohnLemon.prefab using Guid(af494132ef4af4277b1bd23e9debf481) Importer(815301076,1909f56bfc062723c751e8b465ee728b)  -> (artifact id: 'f58b5fb9aaf9f3f7df58946b33764793') in 0.033420 seconds
  Import took 0.037122 seconds .

========================================================================
Received Import Request.
  Time since last request: 48.730101 seconds.
  path: Assets/Scripts/PlayerMovement.cs
  artifactKey: Guid(3bc8c5432986248968ac5f714edfc67f) Importer(815301076,1909f56bfc062723c751e8b465ee728b)
Start importing Assets/Scripts/PlayerMovement.cs using Guid(3bc8c5432986248968ac5f714edfc67f) Importer(815301076,1909f56bfc062723c751e8b465ee728b)  -> (artifact id: '51e70ca0f897359ef432695abc90324d') in 1.651774 seconds
  Import took 1.654579 seconds .

========================================================================
Received Prepare
Registering precompiled user dll's ...
Registered in 0.002280 seconds.
Begin MonoManager ReloadAssembly
Native extension for OSXStandalone target not found
Native extension for WebGL target not found
Refreshing native plugins compatible for Editor in 0.50 ms, found 1 plugins.
Preloading 0 native plugins for Editor in 0.00 ms.
Refreshing native plugins compatible for Editor in 0.59 ms, found 1 plugins.
Invoked RoslynAnalysisRunner static constructor.
RoslynAnalysisRunner will not be running.
RoslynAnalysisRunner has terminated.
Mono: successfully reloaded assembly
- Completed reload, in  1.122 seconds
Platform modules already initialized, skipping
Refreshing native plugins compatible for Editor in 0.81 ms, found 1 plugins.
Preloading 0 native plugins for Editor in 0.00 ms.
Unloading 1586 Unused Serialized files (Serialized files now loaded: 0)
System memory in use before: 265.2 MB.
System memory in use after: 265.3 MB.

Unloading 28 unused Assets to reduce memory usage. Loaded Objects now: 2073.
Total: 2.574253 ms (FindLiveObjects: 0.273717 ms CreateObjectMapping: 0.074291 ms MarkObjects: 2.139865 ms  DeleteObjects: 0.085403 ms)

========================================================================
Received Prepare
Registering precompiled user dll's ...
Registered in 0.002066 seconds.
Begin MonoManager ReloadAssembly
Native extension for OSXStandalone target not found
Native extension for WebGL target not found
Refreshing native plugins compatible for Editor in 0.51 ms, found 1 plugins.
Preloading 0 native plugins for Editor in 0.00 ms.
Refreshing native plugins compatible for Editor in 0.46 ms, found 1 plugins.
Invoked RoslynAnalysisRunner static constructor.
RoslynAnalysisRunner will not be running.
RoslynAnalysisRunner has terminated.
Mono: successfully reloaded assembly
- Completed reload, in  1.179 seconds
Platform modules already initialized, skipping
Refreshing native plugins compatible for Editor in 0.58 ms, found 1 plugins.
Preloading 0 native plugins for Editor in 0.00 ms.
Unloading 1586 Unused Serialized files (Serialized files now loaded: 0)
System memory in use before: 265.5 MB.
System memory in use after: 265.6 MB.

Unloading 27 unused Assets to reduce memory usage. Loaded Objects now: 2076.
Total: 2.120071 ms (FindLiveObjects: 0.221528 ms CreateObjectMapping: 0.061971 ms MarkObjects: 1.767914 ms  DeleteObjects: 0.067596 ms)

========================================================================
Received Prepare
Registering precompiled user dll's ...
Registered in 0.004844 seconds.
Begin MonoManager ReloadAssembly
Native extension for OSXStandalone target not found
Native extension for WebGL target not found
Refreshing native plugins compatible for Editor in 0.51 ms, found 1 plugins.
Preloading 0 native plugins for Editor in 0.00 ms.
Refreshing native plugins compatible for Editor in 0.46 ms, found 1 plugins.
Invoked RoslynAnalysisRunner static constructor.
RoslynAnalysisRunner will not be running.
RoslynAnalysisRunner has terminated.
Mono: successfully reloaded assembly
- Completed reload, in  1.000 seconds
Platform modules already initialized, skipping
Refreshing native plugins compatible for Editor in 0.55 ms, found 1 plugins.
Preloading 0 native plugins for Editor in 0.00 ms.
Unloading 1586 Unused Serialized files (Serialized files now loaded: 0)
System memory in use before: 265.7 MB.
System memory in use after: 265.8 MB.

Unloading 27 unused Assets to reduce memory usage. Loaded Objects now: 2079.
Total: 2.042347 ms (FindLiveObjects: 0.262229 ms CreateObjectMapping: 0.079598 ms MarkObjects: 1.640899 ms  DeleteObjects: 0.058561 ms)

========================================================================
Received Prepare
Registering precompiled user dll's ...
Registered in 0.003253 seconds.
Begin MonoManager ReloadAssembly
Native extension for OSXStandalone target not found
Native extension for WebGL target not found
Refreshing native plugins compatible for Editor in 0.76 ms, found 1 plugins.
Preloading 0 native plugins for Editor in 0.00 ms.
Refreshing native plugins compatible for Editor in 0.62 ms, found 1 plugins.
Invoked RoslynAnalysisRunner static constructor.
RoslynAnalysisRunner will not be running.
RoslynAnalysisRunner has terminated.
Mono: successfully reloaded assembly
- Completed reload, in  1.720 seconds
Platform modules already initialized, skipping
Refreshing native plugins compatible for Editor in 0.66 ms, found 1 plugins.
Preloading 0 native plugins for Editor in 0.00 ms.
Unloading 1586 Unused Serialized files (Serialized files now loaded: 0)
System memory in use before: 266.0 MB.
System memory in use after: 266.0 MB.

Unloading 27 unused Assets to reduce memory usage. Loaded Objects now: 2082.
Total: 2.551067 ms (FindLiveObjects: 0.289842 ms CreateObjectMapping: 0.097521 ms MarkObjects: 2.085833 ms  DeleteObjects: 0.076259 ms)

========================================================================
Received Prepare
Registering precompiled user dll's ...
Registered in 0.007880 seconds.
Begin MonoManager ReloadAssembly
Native extension for OSXStandalone target not found
Native extension for WebGL target not found
Refreshing native plugins compatible for Editor in 0.92 ms, found 1 plugins.
Preloading 0 native plugins for Editor in 0.00 ms.
Refreshing native plugins compatible for Editor in 1.24 ms, found 1 plugins.
Invoked RoslynAnalysisRunner static constructor.
RoslynAnalysisRunner will not be running.
RoslynAnalysisRunner has terminated.
Mono: successfully reloaded assembly
- Completed reload, in  2.644 seconds
Platform modules already initialized, skipping
Refreshing native plugins compatible for Editor in 1.63 ms, found 1 plugins.
Preloading 0 native plugins for Editor in 0.00 ms.
Unloading 1586 Unused Serialized files (Serialized files now loaded: 0)
System memory in use before: 266.2 MB.
System memory in use after: 266.3 MB.

Unloading 27 unused Assets to reduce memory usage. Loaded Objects now: 2085.
Total: 4.417355 ms (FindLiveObjects: 0.349442 ms CreateObjectMapping: 0.129342 ms MarkObjects: 3.786723 ms  DeleteObjects: 0.149399 ms)

